[19:18:14] [ServerMain/INFO]: [bootstrap] Running Java 21 (OpenJDK 64-Bit Server VM 21.0.7+6-Ubuntu-0ubuntu120.04; Ubuntu null) on Linux 6.8.0-1027-azure (amd64)
[19:18:14] [ServerMain/INFO]: [bootstrap] Loading Paper 1.21.4-231-ver/1.21.4@09e9afd (2025-05-19T17:59:36Z) for Minecraft 1.21.4
[19:18:14] [ServerMain/INFO]: [PluginInitializerManager] Initializing plugins...
[19:18:14] [ServerMain/INFO]: [PluginInitializerManager] Initialized 0 plugins
[19:18:22] [ServerMain/INFO]: Environment: Environment[sessionHost=https://sessionserver.mojang.com, servicesHost=https://api.minecraftservices.com, name=PROD]
[19:18:25] [ServerMain/INFO]: Loaded 1370 recipes
[19:18:25] [ServerMain/INFO]: Loaded 1481 advancements
[19:18:25] [ServerMain/INFO]: [MCTypeRegistry] Initialising converters for DataConverter...
[19:18:25] [ServerMain/INFO]: [MCTypeRegistry] Finished initialising converters for DataConverter in 305.5ms
[19:18:25] [Server thread/INFO]: Starting minecraft server version 1.21.4
[19:18:25] [Server thread/INFO]: Loading properties
[19:18:25] [Server thread/INFO]: This server is running Paper version 1.21.4-231-ver/1.21.4@09e9afd (2025-05-19T17:59:36Z) (Implementing API version 1.21.4-R0.1-SNAPSHOT)
[19:18:26] [Server thread/INFO]: [spark] This server bundles the spark profiler. For more information please visit https://docs.papermc.io/paper/profiling
[19:18:26] [Server thread/INFO]: Server Ping Player Sample Count: 12
[19:18:26] [Server thread/INFO]: Using 4 threads for Netty based IO
[19:18:27] [Server thread/INFO]: [MoonriseCommon] Paper is using 1 worker threads, 1 I/O threads
[19:18:27] [Server thread/INFO]: [ChunkTaskScheduler] Chunk system is using population gen parallelism: true
[19:18:27] [Server thread/INFO]: Default game type: SURVIVAL
[19:18:27] [Server thread/INFO]: Generating keypair
[19:18:27] [Server thread/INFO]: Starting Minecraft server on *:25565
[19:18:27] [Server thread/INFO]: Using epoll channel type
[19:18:27] [Server thread/INFO]: Paper: Using libdeflate (Linux x86_64) compression from Velocity.
[19:18:27] [Server thread/INFO]: Paper: Using OpenSSL 1.1.x (Linux x86_64) cipher from Velocity.
[19:18:27] [Server thread/INFO]: Server permissions file permissions.yml is empty, ignoring it
[19:18:27] [Server thread/WARN]: **** SERVER IS RUNNING IN OFFLINE/INSECURE MODE!
[19:18:27] [Server thread/WARN]: The server will make no attempt to authenticate usernames. Beware.
[19:18:27] [Server thread/WARN]: While this makes the game possible to play without internet access, it also opens up the ability for hackers to connect with any username they choose.
[19:18:27] [Server thread/WARN]: To change this, set "online-mode" to "true" in the server.properties file.
[19:18:27] [Server thread/INFO]: Preparing level "world"
[19:18:28] [Server thread/INFO]: Preparing start region for dimension minecraft:overworld
[19:18:28] [Server thread/INFO]: Preparing spawn area: 0%
[19:18:29] [Server thread/INFO]: Preparing spawn area: 0%
[19:18:29] [Server thread/INFO]: Preparing spawn area: 0%
[19:18:29] [Server thread/INFO]: Time elapsed: 1177 ms
[19:18:29] [Server thread/INFO]: Preparing start region for dimension minecraft:the_nether
[19:18:29] [Server thread/INFO]: Preparing spawn area: 0%
[19:18:29] [Server thread/INFO]: Time elapsed: 259 ms
[19:18:29] [Server thread/INFO]: Preparing start region for dimension minecraft:the_end
[19:18:29] [Server thread/INFO]: Preparing spawn area: 0%
[19:18:30] [Server thread/INFO]: Time elapsed: 189 ms
[19:18:30] [Server thread/INFO]: [spark] Starting background profiler...
[19:18:31] [Server thread/INFO]: Done preparing level "world" (3.618s)
[19:18:31] [Server thread/INFO]: Running delayed init tasks
[19:18:31] [Server thread/INFO]: Done (18.901s)! For help, type "help"
[19:23:38] [User Authenticator #0/INFO]: UUID of player krydewrld is d563cd3d-c523-3584-90a7-12c3014701e1
[19:23:40] [Server thread/INFO]: krydewrld joined the game
[19:23:40] [Server thread/INFO]: krydewrld[/127.201.90.40:49859] logged in with entity id 71 at ([world]20.69999998807907, 80.0, -37.216199388786805)
[19:26:29] [Server thread/INFO]: krydewrld lost connection: Disconnected
[19:26:29] [Server thread/INFO]: krydewrld left the game
